Arguments: 
  C:\Program Files\nodejs\node.exe C:\Program Files (x86)\Yarn\bin\yarn.js add typesript

PATH: 
  C:\Program Files (x86)\Common Files\Intel\Shared Libraries\redist\intel64\compiler;C:\WINDOWS\system32;C:\WINDOWS;C:\WINDOWS\System32\Wbem;C:\WINDOWS\System32\WindowsPowerShell\v1.0\;C:\WINDOWS\System32\OpenSSH\;C:\Program Files (x86)\NVIDIA Corporation\PhysX\Common;C:\ProgramData\chocolatey\bin;C:\Program Files\nodejs\;C:\Program Files (x86)\Yarn\bin\;C:\Program Files\Docker\Docker\resources\bin;C:\ProgramData\DockerDesktop\version-bin;C:\Program Files\Git\cmd;C:\Program Files\NVIDIA Corporation\NVIDIA NvDLISR;C:\Users\Watanabe.dev\AppData\Local\Microsoft\WindowsApps;C:\Users\Watanabe.dev\AppData\Roaming\npm;C:\Users\Watanabe.dev\AppData\Local\Programs\Microsoft VS Code\bin;C:\Program Files (x86)\GitHub CLI\;C:\Users\Watanabe.dev\AppData\Local\Yarn\bin;C:\Users\Watanabe.dev\AppData\Local\GitHubDesktop\bin

Yarn version: 
  1.22.5

Node version: 
  15.2.0

Platform: 
  win32 x64

Trace: 
  Error: https://registry.yarnpkg.com/typesript: Not found
      at Request.params.callback [as _callback] (C:\Program Files (x86)\Yarn\lib\cli.js:66097:18)
      at Request.self.callback (C:\Program Files (x86)\Yarn\lib\cli.js:140749:22)
      at Request.emit (node:events:329:20)
      at Request.<anonymous> (C:\Program Files (x86)\Yarn\lib\cli.js:141721:10)
      at Request.emit (node:events:329:20)
      at IncomingMessage.<anonymous> (C:\Program Files (x86)\Yarn\lib\cli.js:141643:12)
      at Object.onceWrapper (node:events:435:28)
      at IncomingMessage.emit (node:events:341:22)
      at endReadableNT (node:internal/streams/readable:1294:12)
      at processTicksAndRejections (node:internal/process/task_queues:80:21)

npm manifest: 
  {
    "name": "mestresdaweb",
    "version": "1.0.0",
    "main": "index.js",
    "license": "MIT"
  }

yarn manifest: 
  No manifest

Lockfile: 
  No lockfile
